[2025-12-23 22:38:27,802] 10 -INFO -STARTING DATA INGESTION STAGE. THIS WILL SPLIT THE RAW FILE INTO TRAINING AND TESTING FILES
[2025-12-23 22:38:28,076] 20 -INFO -DATA TRANSFORMATION SCRIPT IS LOADING
[2025-12-23 22:38:28,077] 26 -INFO -DATA TRANSFORMATION CONFIG CLASS DEFINED
[2025-12-23 22:38:28,078] 15 -INFO -MODEL TRAINER SCRIPT LOADED
[2025-12-23 22:38:28,079] 27 -INFO -Entered data ingestion method
[2025-12-23 22:38:28,079] 29 -INFO -Attempting to read raw CSV file
[2025-12-23 22:38:30,201] 31 -INFO -Raw data loaded successfully with shape: (700000, 26)
[2025-12-23 22:38:30,201] 33 -INFO -Performing train-test split
[2025-12-23 22:38:30,517] 36 -INFO -Training dataset shape: (560000, 26)
[2025-12-23 22:38:30,518] 37 -INFO -Testing dataset shape: (140000, 26)
[2025-12-23 22:38:30,518] 39 -INFO -Writing training dataset to disk
[2025-12-23 22:38:36,519] 42 -INFO -Writing testing dataset to disk
[2025-12-23 22:38:37,944] 45 -INFO -Data ingestion completed successfully
[2025-12-23 22:38:37,964] 30 -INFO -CREATING OBJECT OF DATA_TRANSFORMATION_CONFIG
[2025-12-23 22:38:37,964] 98 -INFO -DATA TRANSFORMATION PIPELINE STARTED
[2025-12-23 22:38:37,964] 100 -INFO -LOADING TRAIN AND TEST DATASETS
[2025-12-23 22:38:39,794] 104 -INFO -Raw train shape: (560000, 26), Raw test shape: (140000, 26)
[2025-12-23 22:38:39,794] 35 -INFO -FEATURE SELECTION STAGE STARTED
[2025-12-23 22:38:39,812] 54 -INFO -FEATURE SELECTION STAGE COMPLETED
[2025-12-23 22:38:39,812] 55 -INFO -Train shape after feature selection: (560000, 11), Test shape after feature selection: (140000, 11)
[2025-12-23 22:38:39,827] 117 -INFO -TARGET VARIABLE SEPARATED
[2025-12-23 22:38:39,828] 66 -INFO -PREPROCESSING STAGE STARTED
[2025-12-23 22:38:39,840] 71 -INFO -Numerical columns detected: ['family_history_diabetes', 'physical_activity_minutes_per_week', 'age', 'bmi', 'triglycerides', 'ldl_cholesterol', 'systolic_bp', 'diet_score', 'waist_to_hip_ratio', 'hdl_cholesterol']
[2025-12-23 22:38:39,840] 72 -INFO -Categorical columns detected: []
[2025-12-23 22:38:39,840] 88 -INFO -PREPROCESSING OBJECT CREATED SUCCESSFULLY
[2025-12-23 22:38:39,840] 121 -INFO -APPLYING PREPROCESSING ON TRAIN DATA
[2025-12-23 22:38:40,091] 124 -INFO -APPLYING PREPROCESSING ON TEST DATA
[2025-12-23 22:38:40,145] 130 -INFO -FEATURES AND TARGET CONCATENATED
[2025-12-23 22:38:40,146] 134 -INFO -Preprocessing object saved at: artifacts/preprocessing.pkl
[2025-12-23 22:38:40,146] 138 -INFO -DATA TRANSFORMATION PIPELINE COMPLETED SUCCESSFULLY
[2025-12-23 22:38:40,155] 26 -INFO -INITIALIZING MODEL TRAINER
[2025-12-23 22:38:40,155] 31 -INFO -SPLITTING TRAIN AND TEST ARRAYS
[2025-12-23 22:38:40,155] 39 -INFO -INITIALIZING MODELS
[2025-12-23 22:38:40,156] 71 -INFO -TRAINING XGBOOST MODEL
[2025-12-23 22:38:52,013] 74 -INFO -TRAINING LIGHTGBM MODEL
[2025-12-23 22:39:04,025] 77 -INFO -TRAINING LOGISTIC REGRESSION MODEL
[2025-12-23 22:39:04,960] 80 -INFO -GENERATING PREDICTIONS
[2025-12-23 22:39:07,378] 86 -INFO -SAVING TRAINED MODELS
[2025-12-23 22:39:07,454] 92 -INFO -MODEL TRAINING COMPLETED
[2025-12-23 22:39:07,455] 101 -INFO -STARTING WEIGHTED ENSEMBLE PREDICTION
[2025-12-23 22:39:07,568] 124 -INFO -ENSEMBLE ACCURACY: 0.67725
[2025-12-23 22:39:07,568] 125 -INFO -ENSEMBLE PRECISION: 0.7152083418356936
[2025-12-23 22:39:07,568] 126 -INFO -ENSEMBLE RECALL: 0.8023142690366368
[2025-12-23 22:39:07,568] 127 -INFO -CONFUSION MATRIX:
[[24716 27913]
 [17272 70099]]
