[2025-12-23 22:36:44,142] 10 -INFO -STARTING DATA INGESTION STAGE. THIS WILL SPLIT THE RAW FILE INTO TRAINING AND TESTING FILES
[2025-12-23 22:36:44,447] 20 -INFO -DATA TRANSFORMATION SCRIPT IS LOADING
[2025-12-23 22:36:44,448] 26 -INFO -DATA TRANSFORMATION CONFIG CLASS DEFINED
[2025-12-23 22:36:44,450] 15 -INFO -MODEL TRAINER SCRIPT LOADED
[2025-12-23 22:36:44,451] 27 -INFO -Entered data ingestion method
[2025-12-23 22:36:44,451] 29 -INFO -Attempting to read raw CSV file
[2025-12-23 22:36:46,791] 31 -INFO -Raw data loaded successfully with shape: (700000, 26)
[2025-12-23 22:36:46,791] 33 -INFO -Performing train-test split
[2025-12-23 22:36:47,159] 36 -INFO -Training dataset shape: (560000, 26)
[2025-12-23 22:36:47,159] 37 -INFO -Testing dataset shape: (140000, 26)
[2025-12-23 22:36:47,159] 39 -INFO -Writing training dataset to disk
[2025-12-23 22:36:54,032] 42 -INFO -Writing testing dataset to disk
[2025-12-23 22:36:55,540] 45 -INFO -Data ingestion completed successfully
[2025-12-23 22:36:55,554] 30 -INFO -CREATING OBJECT OF DATA_TRANSFORMATION_CONFIG
[2025-12-23 22:36:55,554] 98 -INFO -DATA TRANSFORMATION PIPELINE STARTED
[2025-12-23 22:36:55,554] 100 -INFO -LOADING TRAIN AND TEST DATASETS
[2025-12-23 22:36:57,480] 104 -INFO -Raw train shape: (560000, 26), Raw test shape: (140000, 26)
[2025-12-23 22:36:57,481] 35 -INFO -FEATURE SELECTION STAGE STARTED
[2025-12-23 22:36:57,498] 54 -INFO -FEATURE SELECTION STAGE COMPLETED
[2025-12-23 22:36:57,498] 55 -INFO -Train shape after feature selection: (560000, 11), Test shape after feature selection: (140000, 11)
[2025-12-23 22:36:57,513] 117 -INFO -TARGET VARIABLE SEPARATED
[2025-12-23 22:36:57,513] 66 -INFO -PREPROCESSING STAGE STARTED
[2025-12-23 22:36:57,526] 71 -INFO -Numerical columns detected: ['family_history_diabetes', 'physical_activity_minutes_per_week', 'age', 'bmi', 'triglycerides', 'ldl_cholesterol', 'systolic_bp', 'diet_score', 'waist_to_hip_ratio', 'hdl_cholesterol']
[2025-12-23 22:36:57,526] 72 -INFO -Categorical columns detected: []
[2025-12-23 22:36:57,526] 88 -INFO -PREPROCESSING OBJECT CREATED SUCCESSFULLY
[2025-12-23 22:36:57,526] 121 -INFO -APPLYING PREPROCESSING ON TRAIN DATA
[2025-12-23 22:36:57,786] 124 -INFO -APPLYING PREPROCESSING ON TEST DATA
[2025-12-23 22:36:57,844] 130 -INFO -FEATURES AND TARGET CONCATENATED
[2025-12-23 22:36:57,845] 134 -INFO -Preprocessing object saved at: artifacts/preprocessing.pkl
[2025-12-23 22:36:57,845] 138 -INFO -DATA TRANSFORMATION PIPELINE COMPLETED SUCCESSFULLY
[2025-12-23 22:36:57,866] 26 -INFO -INITIALIZING MODEL TRAINER
[2025-12-23 22:36:57,866] 31 -INFO -SPLITTING TRAIN AND TEST ARRAYS
[2025-12-23 22:36:57,866] 39 -INFO -INITIALIZING MODELS
[2025-12-23 22:36:57,866] 45 -INFO -TRAINING XGBOOST MODEL
[2025-12-23 22:37:02,750] 48 -INFO -TRAINING LIGHTGBM MODEL
[2025-12-23 22:37:07,173] 51 -INFO -TRAINING LOGISTIC REGRESSION MODEL
[2025-12-23 22:37:07,993] 54 -INFO -GENERATING PREDICTIONS
[2025-12-23 22:37:08,921] 60 -INFO -SAVING TRAINED MODELS
[2025-12-23 22:37:08,978] 66 -INFO -MODEL TRAINING COMPLETED
[2025-12-23 22:37:08,978] 75 -INFO -STARTING WEIGHTED ENSEMBLE PREDICTION
[2025-12-23 22:37:09,114] 98 -INFO -ENSEMBLE ACCURACY: 0.6785714285714286
[2025-12-23 22:37:09,115] 99 -INFO -ENSEMBLE PRECISION: 0.6980267893029733
[2025-12-23 22:37:09,115] 100 -INFO -ENSEMBLE RECALL: 0.8547115175515904
[2025-12-23 22:37:09,115] 101 -INFO -CONFUSION MATRIX:
[[20323 32306]
 [12694 74677]]
