[2025-12-23 22:27:04,314] 10 -INFO -STARTING DATA INGESTION STAGE. THIS WILL SPLIT THE RAW FILE INTO TRAINING AND TESTING FILES
[2025-12-23 22:27:04,662] 20 -INFO -DATA TRANSFORMATION SCRIPT IS LOADING
[2025-12-23 22:27:04,663] 26 -INFO -DATA TRANSFORMATION CONFIG CLASS DEFINED
[2025-12-23 22:27:04,665] 27 -INFO -Entered data ingestion method
[2025-12-23 22:27:04,665] 29 -INFO -Attempting to read raw CSV file
[2025-12-23 22:27:06,749] 31 -INFO -Raw data loaded successfully with shape: (700000, 26)
[2025-12-23 22:27:06,749] 33 -INFO -Performing train-test split
[2025-12-23 22:27:07,092] 36 -INFO -Training dataset shape: (560000, 26)
[2025-12-23 22:27:07,092] 37 -INFO -Testing dataset shape: (140000, 26)
[2025-12-23 22:27:07,092] 39 -INFO -Writing training dataset to disk
[2025-12-23 22:27:13,069] 42 -INFO -Writing testing dataset to disk
[2025-12-23 22:27:14,513] 45 -INFO -Data ingestion completed successfully
[2025-12-23 22:27:14,533] 30 -INFO -CREATING OBJECT OF DATA_TRANSFORMATION_CONFIG
[2025-12-23 22:27:14,533] 98 -INFO -DATA TRANSFORMATION PIPELINE STARTED
[2025-12-23 22:27:14,533] 100 -INFO -LOADING TRAIN AND TEST DATASETS
[2025-12-23 22:27:16,544] 104 -INFO -Raw train shape: (560000, 26), Raw test shape: (140000, 26)
[2025-12-23 22:27:16,544] 35 -INFO -FEATURE SELECTION STAGE STARTED
[2025-12-23 22:27:16,568] 54 -INFO -FEATURE SELECTION STAGE COMPLETED
[2025-12-23 22:27:16,568] 55 -INFO -Train shape after feature selection: (560000, 11), Test shape after feature selection: (140000, 11)
[2025-12-23 22:27:16,588] 117 -INFO -TARGET VARIABLE SEPARATED
[2025-12-23 22:27:16,588] 66 -INFO -PREPROCESSING STAGE STARTED
[2025-12-23 22:27:16,598] 71 -INFO -Numerical columns detected: ['family_history_diabetes', 'physical_activity_minutes_per_week', 'age', 'bmi', 'triglycerides', 'ldl_cholesterol', 'systolic_bp', 'diet_score', 'waist_to_hip_ratio', 'hdl_cholesterol']
[2025-12-23 22:27:16,598] 72 -INFO -Categorical columns detected: []
[2025-12-23 22:27:16,598] 88 -INFO -PREPROCESSING OBJECT CREATED SUCCESSFULLY
[2025-12-23 22:27:16,598] 121 -INFO -APPLYING PREPROCESSING ON TRAIN DATA
[2025-12-23 22:27:16,932] 124 -INFO -APPLYING PREPROCESSING ON TEST DATA
[2025-12-23 22:27:17,004] 130 -INFO -FEATURES AND TARGET CONCATENATED
[2025-12-23 22:27:17,006] 134 -INFO -Preprocessing object saved at: artifacts/preprocessing.pkl
[2025-12-23 22:27:17,006] 138 -INFO -DATA TRANSFORMATION PIPELINE COMPLETED SUCCESSFULLY
