[2025-12-23 22:29:43,552] 10 -INFO -STARTING DATA INGESTION STAGE. THIS WILL SPLIT THE RAW FILE INTO TRAINING AND TESTING FILES
[2025-12-23 22:29:43,778] 20 -INFO -DATA TRANSFORMATION SCRIPT IS LOADING
[2025-12-23 22:29:43,778] 26 -INFO -DATA TRANSFORMATION CONFIG CLASS DEFINED
[2025-12-23 22:29:43,780] 27 -INFO -Entered data ingestion method
[2025-12-23 22:29:43,780] 29 -INFO -Attempting to read raw CSV file
[2025-12-23 22:29:46,045] 31 -INFO -Raw data loaded successfully with shape: (700000, 26)
[2025-12-23 22:29:46,045] 33 -INFO -Performing train-test split
[2025-12-23 22:29:46,399] 36 -INFO -Training dataset shape: (560000, 26)
[2025-12-23 22:29:46,399] 37 -INFO -Testing dataset shape: (140000, 26)
[2025-12-23 22:29:46,399] 39 -INFO -Writing training dataset to disk
[2025-12-23 22:29:52,386] 42 -INFO -Writing testing dataset to disk
[2025-12-23 22:29:53,827] 45 -INFO -Data ingestion completed successfully
[2025-12-23 22:29:53,847] 30 -INFO -CREATING OBJECT OF DATA_TRANSFORMATION_CONFIG
[2025-12-23 22:29:53,847] 98 -INFO -DATA TRANSFORMATION PIPELINE STARTED
[2025-12-23 22:29:53,847] 100 -INFO -LOADING TRAIN AND TEST DATASETS
[2025-12-23 22:29:55,743] 104 -INFO -Raw train shape: (560000, 26), Raw test shape: (140000, 26)
[2025-12-23 22:29:55,743] 35 -INFO -FEATURE SELECTION STAGE STARTED
[2025-12-23 22:29:55,766] 54 -INFO -FEATURE SELECTION STAGE COMPLETED
[2025-12-23 22:29:55,766] 55 -INFO -Train shape after feature selection: (560000, 11), Test shape after feature selection: (140000, 11)
[2025-12-23 22:29:55,782] 117 -INFO -TARGET VARIABLE SEPARATED
[2025-12-23 22:29:55,782] 66 -INFO -PREPROCESSING STAGE STARTED
[2025-12-23 22:29:55,790] 71 -INFO -Numerical columns detected: ['family_history_diabetes', 'physical_activity_minutes_per_week', 'age', 'bmi', 'triglycerides', 'ldl_cholesterol', 'systolic_bp', 'diet_score', 'waist_to_hip_ratio', 'hdl_cholesterol']
[2025-12-23 22:29:55,790] 72 -INFO -Categorical columns detected: []
[2025-12-23 22:29:55,790] 88 -INFO -PREPROCESSING OBJECT CREATED SUCCESSFULLY
[2025-12-23 22:29:55,790] 121 -INFO -APPLYING PREPROCESSING ON TRAIN DATA
[2025-12-23 22:29:56,032] 124 -INFO -APPLYING PREPROCESSING ON TEST DATA
[2025-12-23 22:29:56,091] 130 -INFO -FEATURES AND TARGET CONCATENATED
[2025-12-23 22:29:56,092] 134 -INFO -Preprocessing object saved at: artifacts/preprocessing.pkl
[2025-12-23 22:29:56,092] 138 -INFO -DATA TRANSFORMATION PIPELINE COMPLETED SUCCESSFULLY
