[2025-12-24 12:23:24,638] 10 -INFO -STARTING DATA INGESTION STAGE. THIS WILL SPLIT THE RAW FILE INTO TRAINING AND TESTING FILES
[2025-12-24 12:23:24,959] 20 -INFO -DATA TRANSFORMATION SCRIPT IS LOADING
[2025-12-24 12:23:24,959] 26 -INFO -DATA TRANSFORMATION CONFIG CLASS DEFINED
[2025-12-24 12:23:24,961] 15 -INFO -MODEL TRAINER SCRIPT LOADED
[2025-12-24 12:23:24,962] 27 -INFO -Entered data ingestion method
[2025-12-24 12:23:24,962] 29 -INFO -Attempting to read raw CSV file
[2025-12-24 12:23:27,838] 31 -INFO -Raw data loaded successfully with shape: (700000, 26)
[2025-12-24 12:23:27,838] 33 -INFO -Performing train-test split
[2025-12-24 12:23:28,252] 36 -INFO -Training dataset shape: (560000, 26)
[2025-12-24 12:23:28,252] 37 -INFO -Testing dataset shape: (140000, 26)
[2025-12-24 12:23:28,252] 39 -INFO -Writing training dataset to disk
[2025-12-24 12:23:35,250] 42 -INFO -Writing testing dataset to disk
[2025-12-24 12:23:36,937] 45 -INFO -Data ingestion completed successfully
[2025-12-24 12:23:36,960] 30 -INFO -CREATING OBJECT OF DATA_TRANSFORMATION_CONFIG
[2025-12-24 12:23:36,960] 98 -INFO -DATA TRANSFORMATION PIPELINE STARTED
[2025-12-24 12:23:36,960] 100 -INFO -LOADING TRAIN AND TEST DATASETS
[2025-12-24 12:23:39,225] 104 -INFO -Raw train shape: (560000, 26), Raw test shape: (140000, 26)
[2025-12-24 12:23:39,225] 35 -INFO -FEATURE SELECTION STAGE STARTED
[2025-12-24 12:23:39,250] 54 -INFO -FEATURE SELECTION STAGE COMPLETED
[2025-12-24 12:23:39,250] 55 -INFO -Train shape after feature selection: (560000, 11), Test shape after feature selection: (140000, 11)
[2025-12-24 12:23:39,272] 117 -INFO -TARGET VARIABLE SEPARATED
[2025-12-24 12:23:39,272] 66 -INFO -PREPROCESSING STAGE STARTED
[2025-12-24 12:23:39,284] 71 -INFO -Numerical columns detected: ['family_history_diabetes', 'physical_activity_minutes_per_week', 'age', 'bmi', 'triglycerides', 'ldl_cholesterol', 'systolic_bp', 'diet_score', 'waist_to_hip_ratio', 'hdl_cholesterol']
[2025-12-24 12:23:39,284] 72 -INFO -Categorical columns detected: []
[2025-12-24 12:23:39,284] 88 -INFO -PREPROCESSING OBJECT CREATED SUCCESSFULLY
[2025-12-24 12:23:39,284] 121 -INFO -APPLYING PREPROCESSING ON TRAIN DATA
[2025-12-24 12:23:39,592] 124 -INFO -APPLYING PREPROCESSING ON TEST DATA
[2025-12-24 12:23:39,658] 130 -INFO -FEATURES AND TARGET CONCATENATED
[2025-12-24 12:23:39,659] 134 -INFO -Preprocessing object saved at: artifacts/preprocessing.pkl
[2025-12-24 12:23:39,659] 138 -INFO -DATA TRANSFORMATION PIPELINE COMPLETED SUCCESSFULLY
[2025-12-24 12:23:39,680] 26 -INFO -INITIALIZING MODEL TRAINER
[2025-12-24 12:23:39,680] 31 -INFO -SPLITTING TRAIN AND TEST ARRAYS
[2025-12-24 12:23:39,680] 39 -INFO -INITIALIZING MODELS
[2025-12-24 12:23:39,681] 45 -INFO -TRAINING XGBOOST MODEL
[2025-12-24 12:23:46,187] 48 -INFO -TRAINING LIGHTGBM MODEL
[2025-12-24 12:23:51,510] 51 -INFO -TRAINING LOGISTIC REGRESSION MODEL
[2025-12-24 12:23:52,568] 54 -INFO -GENERATING PREDICTIONS
