[2025-12-24 12:28:04,594] 10 -INFO -STARTING DATA INGESTION STAGE. THIS WILL SPLIT THE RAW FILE INTO TRAINING AND TESTING FILES
[2025-12-24 12:28:04,904] 20 -INFO -DATA TRANSFORMATION SCRIPT IS LOADING
[2025-12-24 12:28:04,904] 26 -INFO -DATA TRANSFORMATION CONFIG CLASS DEFINED
[2025-12-24 12:28:04,909] 15 -INFO -MODEL TRAINER SCRIPT LOADED
[2025-12-24 12:28:04,909] 27 -INFO -Entered data ingestion method
[2025-12-24 12:28:04,909] 29 -INFO -Attempting to read raw CSV file
[2025-12-24 12:28:07,657] 31 -INFO -Raw data loaded successfully with shape: (700000, 26)
[2025-12-24 12:28:07,657] 33 -INFO -Performing train-test split
[2025-12-24 12:28:08,092] 36 -INFO -Training dataset shape: (560000, 26)
[2025-12-24 12:28:08,092] 37 -INFO -Testing dataset shape: (140000, 26)
[2025-12-24 12:28:08,092] 39 -INFO -Writing training dataset to disk
[2025-12-24 12:28:16,488] 42 -INFO -Writing testing dataset to disk
[2025-12-24 12:28:18,552] 45 -INFO -Data ingestion completed successfully
[2025-12-24 12:28:18,574] 30 -INFO -CREATING OBJECT OF DATA_TRANSFORMATION_CONFIG
[2025-12-24 12:28:18,574] 98 -INFO -DATA TRANSFORMATION PIPELINE STARTED
[2025-12-24 12:28:18,574] 100 -INFO -LOADING TRAIN AND TEST DATASETS
[2025-12-24 12:28:20,950] 104 -INFO -Raw train shape: (560000, 26), Raw test shape: (140000, 26)
[2025-12-24 12:28:20,950] 35 -INFO -FEATURE SELECTION STAGE STARTED
[2025-12-24 12:28:20,976] 54 -INFO -FEATURE SELECTION STAGE COMPLETED
[2025-12-24 12:28:20,976] 55 -INFO -Train shape after feature selection: (560000, 11), Test shape after feature selection: (140000, 11)
[2025-12-24 12:28:21,005] 117 -INFO -TARGET VARIABLE SEPARATED
[2025-12-24 12:28:21,005] 66 -INFO -PREPROCESSING STAGE STARTED
[2025-12-24 12:28:21,019] 71 -INFO -Numerical columns detected: ['family_history_diabetes', 'physical_activity_minutes_per_week', 'age', 'bmi', 'triglycerides', 'ldl_cholesterol', 'systolic_bp', 'diet_score', 'waist_to_hip_ratio', 'hdl_cholesterol']
[2025-12-24 12:28:21,019] 72 -INFO -Categorical columns detected: []
[2025-12-24 12:28:21,019] 88 -INFO -PREPROCESSING OBJECT CREATED SUCCESSFULLY
[2025-12-24 12:28:21,020] 121 -INFO -APPLYING PREPROCESSING ON TRAIN DATA
[2025-12-24 12:28:21,341] 124 -INFO -APPLYING PREPROCESSING ON TEST DATA
[2025-12-24 12:28:21,419] 130 -INFO -FEATURES AND TARGET CONCATENATED
[2025-12-24 12:28:21,420] 134 -INFO -Preprocessing object saved at: artifacts/preprocessing.pkl
[2025-12-24 12:28:21,420] 138 -INFO -DATA TRANSFORMATION PIPELINE COMPLETED SUCCESSFULLY
[2025-12-24 12:28:21,449] 26 -INFO -INITIALIZING MODEL TRAINER
[2025-12-24 12:28:21,449] 31 -INFO -SPLITTING TRAIN AND TEST ARRAYS
[2025-12-24 12:28:21,449] 39 -INFO -INITIALIZING MODELS
[2025-12-24 12:28:21,449] 45 -INFO -TRAINING XGBOOST MODEL
[2025-12-24 12:28:29,169] 48 -INFO -TRAINING LIGHTGBM MODEL
[2025-12-24 12:28:34,922] 51 -INFO -TRAINING LOGISTIC REGRESSION MODEL
[2025-12-24 12:28:35,953] 54 -INFO -GENERATING PREDICTIONS
[2025-12-24 12:28:37,132] 63 -INFO -XGB MODEL RECALL: - 0.8381842945599799
[2025-12-24 12:28:37,154] 64 -INFO -LGBM MODEL RECALL: - 0.8438040081949388
[2025-12-24 12:28:37,178] 65 -INFO -LR MODEL RECALL: - 0.8657105904705222
[2025-12-24 12:28:37,179] 68 -INFO -SAVING TRAINED MODELS
[2025-12-24 12:28:37,205] 74 -INFO -MODEL TRAINING COMPLETED
[2025-12-24 12:28:37,205] 83 -INFO -STARTING WEIGHTED ENSEMBLE PREDICTION
[2025-12-24 12:28:37,375] 106 -INFO -ENSEMBLE ACCURACY: 0.6785714285714286
[2025-12-24 12:28:37,376] 107 -INFO -ENSEMBLE PRECISION: 0.6980267893029733
[2025-12-24 12:28:37,376] 108 -INFO -ENSEMBLE RECALL: 0.8547115175515904
[2025-12-24 12:28:37,377] 109 -INFO -CONFUSION MATRIX:
[[20323 32306]
 [12694 74677]]
